2026-07-13T09:27:27.964+05:30  INFO 20864 --- [journeyplus-backend] [main] com.journeyplus.JourneyPlusApplication   : Starting JourneyPlusApplication using Java 21 with PID 20864 (C:\Users\2503743\Downloads\Final journeyplus with react\Testing_4_Modules\target\classes started by 2503743 in C:\Users\2503743\Downloads\Final journeyplus with react\Testing_4_Modules)
2026-07-13T09:27:27.967+05:30  INFO 20864 --- [journeyplus-backend] [main] com.journeyplus.JourneyPlusApplication   : No active profile set, falling back to 1 default profile: "default"
2026-07-13T09:27:30.970+05:30  INFO 20864 --- [journeyplus-backend] [main] .s.d.r.c.RepositoryConfigurationDelegate : Bootstrapping Spring Data JPA repositories in DEFAULT mode.
2026-07-13T09:27:31.307+05:30  INFO 20864 --- [journeyplus-backend] [main] .s.d.r.c.RepositoryConfigurationDelegate : Finished Spring Data repository scanning in 291 ms. Found 18 JPA repository interfaces.
2026-07-13T09:27:33.487+05:30  INFO 20864 --- [journeyplus-backend] [main] o.s.b.w.embedded.tomcat.TomcatWebServer  : Tomcat initialized with port 8091 (http)
2026-07-13T09:27:33.514+05:30  INFO 20864 --- [journeyplus-backend] [main] o.apache.catalina.core.StandardService   : Starting service [Tomcat]
2026-07-13T09:27:33.515+05:30  INFO 20864 --- [journeyplus-backend] [main] o.apache.catalina.core.StandardEngine    : Starting Servlet engine: [Apache Tomcat/10.1.20]
2026-07-13T09:27:33.626+05:30  INFO 20864 --- [journeyplus-backend] [main] o.a.c.c.C.[Tomcat].[localhost].[/]       : Initializing Spring embedded WebApplicationContext
2026-07-13T09:27:33.626+05:30  INFO 20864 --- [journeyplus-backend] [main] w.s.c.ServletWebServerApplicationContext : Root WebApplicationContext: initialization completed in 5521 ms
2026-07-13T09:27:34.560+05:30  INFO 20864 --- [journeyplus-backend] [main] o.hibernate.jpa.internal.util.LogHelper  : HHH000204: Processing PersistenceUnitInfo [name: default]
2026-07-13T09:27:34.831+05:30  INFO 20864 --- [journeyplus-backend] [main] org.hibernate.Version                    : HHH000412: Hibernate ORM core version 6.4.4.Final
2026-07-13T09:27:34.942+05:30  INFO 20864 --- [journeyplus-backend] [main] o.h.c.internal.RegionFactoryInitiator    : HHH000026: Second-level cache disabled
2026-07-13T09:27:35.451+05:30  INFO 20864 --- [journeyplus-backend] [main] o.s.o.j.p.SpringPersistenceUnitInfo      : No LoadTimeWeaver setup: ignoring JPA class transformer
2026-07-13T09:27:35.483+05:30  INFO 20864 --- [journeyplus-backend] [main] com.zaxxer.hikari.HikariDataSource       : HikariPool-1 - Starting...
2026-07-13T09:27:35.710+05:30  INFO 20864 --- [journeyplus-backend] [main] com.zaxxer.hikari.pool.HikariPool        : HikariPool-1 - Added connection com.mysql.cj.jdbc.ConnectionImpl@2cebf82f
2026-07-13T09:27:35.712+05:30  INFO 20864 --- [journeyplus-backend] [main] com.zaxxer.hikari.HikariDataSource       : HikariPool-1 - Start completed.
2026-07-13T09:27:35.783+05:30  WARN 20864 --- [journeyplus-backend] [main] org.hibernate.orm.deprecation            : HHH90000025: MySQLDialect does not need to be specified explicitly using 'hibernate.dialect' (remove the property setting and it will be selected by default)
2026-07-13T09:27:37.596+05:30  INFO 20864 --- [journeyplus-backend] [main] o.h.e.t.j.p.i.JtaPlatformInitiator       : HHH000489: No JTA platform available (set 'hibernate.transaction.jta.platform' to enable JTA platform integration)
2026-07-13T09:27:41.962+05:30  INFO 20864 --- [journeyplus-backend] [main] j.LocalContainerEntityManagerFactoryBean : Initialized JPA EntityManagerFactory for persistence unit 'default'
2026-07-13T09:27:42.974+05:30  INFO 20864 --- [journeyplus-backend] [main] o.s.d.j.r.query.QueryEnhancerFactory     : Hibernate is in classpath; If applicable, HQL parser will be used.
2026-07-13T09:27:46.387+05:30  INFO 20864 --- [journeyplus-backend] [main] o.s.b.a.e.web.EndpointLinksResolver      : Exposing 3 endpoint(s) beneath base path '/actuator'
2026-07-13T09:27:46.588+05:30  INFO 20864 --- [journeyplus-backend] [main] o.s.s.web.DefaultSecurityFilterChain     : Will secure any request with [org.springframework.security.web.session.DisableEncodeUrlFilter@3252daf2, org.springframework.security.web.context.request.async.WebAsyncManagerIntegrationFilter@62225578, org.springframework.security.web.context.SecurityContextHolderFilter@6987f367, org.springframework.security.web.header.HeaderWriterFilter@3e84c698, org.springframework.web.filter.CorsFilter@5c15d1bc, org.springframework.security.web.authentication.logout.LogoutFilter@374b1d85, com.journeyplus.config.JwtAuthenticationFilter@3c2d4274, org.springframework.security.web.savedrequest.RequestCacheAwareFilter@6736c73e, org.springframework.security.web.servletapi.SecurityContextHolderAwareRequestFilter@33d6886b, org.springframework.security.web.authentication.AnonymousAuthenticationFilter@1581c6fe, org.springframework.security.web.session.SessionManagementFilter@32d00eea, org.springframework.security.web.access.ExceptionTranslationFilter@46306e5f, org.springframework.security.web.access.intercept.AuthorizationFilter@2efbe938]
2026-07-13T09:27:46.608+05:30  INFO 20864 --- [journeyplus-backend] [main] o.s.s.web.DefaultSecurityFilterChain     : Will secure Or [Mvc [pattern='/swagger-ui/**'], Mvc [pattern='/v3/api-docs/**'], Mvc [pattern='/swagger-ui.html'], Mvc [pattern='/swagger-ui/index.html'], Mvc [pattern='/webjars/**'], Mvc [pattern='/swagger-resources/**']] with [org.springframework.security.web.session.DisableEncodeUrlFilter@22a9170c, org.springframework.security.web.context.request.async.WebAsyncManagerIntegrationFilter@5876bdbb, org.springframework.security.web.context.SecurityContextHolderFilter@7a065f73, org.springframework.security.web.header.HeaderWriterFilter@9a168bc, org.springframework.web.filter.CorsFilter@4fa62aed, org.springframework.security.web.authentication.logout.LogoutFilter@8be5379, org.springframework.security.web.savedrequest.RequestCacheAwareFilter@3f2b55f8, org.springframework.security.web.servletapi.SecurityContextHolderAwareRequestFilter@3d4d2e29, org.springframework.security.web.authentication.AnonymousAuthenticationFilter@4e370f52, org.springframework.security.web.session.SessionManagementFilter@69628b3f, org.springframework.security.web.access.ExceptionTranslationFilter@4b01dd26, org.springframework.security.web.access.intercept.AuthorizationFilter@39b704f7]
2026-07-13T09:27:47.864+05:30  INFO 20864 --- [journeyplus-backend] [main] o.s.b.w.embedded.tomcat.TomcatWebServer  : Tomcat started on port 8091 (http) with context path ''
2026-07-13T09:27:47.885+05:30  INFO 20864 --- [journeyplus-backend] [main] com.journeyplus.JourneyPlusApplication   : Started JourneyPlusApplication in 20.754 seconds (process running for 21.72)
2026-07-13T09:32:52.373+05:30  INFO 20864 --- [journeyplus-backend] [SpringApplicationShutdownHook] j.LocalContainerEntityManagerFactoryBean : Closing JPA EntityManagerFactory for persistence unit 'default'
2026-07-13T09:32:52.376+05:30  INFO 20864 --- [journeyplus-backend] [SpringApplicationShutdownHook] com.zaxxer.hikari.HikariDataSource       : HikariPool-1 - Shutdown initiated...
2026-07-13T09:32:52.395+05:30  INFO 20864 --- [journeyplus-backend] [SpringApplicationShutdownHook] com.zaxxer.hikari.HikariDataSource       : HikariPool-1 - Shutdown completed.
2026-07-13T09:37:34.501+05:30  INFO 27708 --- [journeyplus-backend] [main] com.journeyplus.JourneyPlusApplication   : Starting JourneyPlusApplication using Java 21 with PID 27708 (C:\Users\2503743\Downloads\Final journeyplus with react\Testing_4_Modules\target\classes started by 2503743 in C:\Users\2503743\Downloads\Final journeyplus with react\Testing_4_Modules)
2026-07-13T09:37:34.514+05:30  INFO 27708 --- [journeyplus-backend] [main] com.journeyplus.JourneyPlusApplication   : No active profile set, falling back to 1 default profile: "default"
2026-07-13T09:37:37.952+05:30  INFO 27708 --- [journeyplus-backend] [main] .s.d.r.c.RepositoryConfigurationDelegate : Bootstrapping Spring Data JPA repositories in DEFAULT mode.
2026-07-13T09:37:38.215+05:30  INFO 27708 --- [journeyplus-backend] [main] .s.d.r.c.RepositoryConfigurationDelegate : Finished Spring Data repository scanning in 239 ms. Found 18 JPA repository interfaces.
2026-07-13T09:37:40.223+05:30  INFO 27708 --- [journeyplus-backend] [main] o.s.b.w.embedded.tomcat.TomcatWebServer  : Tomcat initialized with port 8091 (http)
2026-07-13T09:37:40.247+05:30  INFO 27708 --- [journeyplus-backend] [main] o.apache.catalina.core.StandardService   : Starting service [Tomcat]
2026-07-13T09:37:40.249+05:30  INFO 27708 --- [journeyplus-backend] [main] o.apache.catalina.core.StandardEngine    : Starting Servlet engine: [Apache Tomcat/10.1.20]
2026-07-13T09:37:40.388+05:30  INFO 27708 --- [journeyplus-backend] [main] o.a.c.c.C.[Tomcat].[localhost].[/]       : Initializing Spring embedded WebApplicationContext
2026-07-13T09:37:40.388+05:30  INFO 27708 --- [journeyplus-backend] [main] w.s.c.ServletWebServerApplicationContext : Root WebApplicationContext: initialization completed in 5678 ms
2026-07-13T09:37:41.386+05:30  INFO 27708 --- [journeyplus-backend] [main] o.hibernate.jpa.internal.util.LogHelper  : HHH000204: Processing PersistenceUnitInfo [name: default]
2026-07-13T09:37:41.578+05:30  INFO 27708 --- [journeyplus-backend] [main] org.hibernate.Version                    : HHH000412: Hibernate ORM core version 6.4.4.Final
2026-07-13T09:37:41.689+05:30  INFO 27708 --- [journeyplus-backend] [main] o.h.c.internal.RegionFactoryInitiator    : HHH000026: Second-level cache disabled
2026-07-13T09:37:42.143+05:30  INFO 27708 --- [journeyplus-backend] [main] o.s.o.j.p.SpringPersistenceUnitInfo      : No LoadTimeWeaver setup: ignoring JPA class transformer
2026-07-13T09:37:42.176+05:30  INFO 27708 --- [journeyplus-backend] [main] com.zaxxer.hikari.HikariDataSource       : HikariPool-1 - Starting...
2026-07-13T09:37:42.526+05:30  INFO 27708 --- [journeyplus-backend] [main] com.zaxxer.hikari.pool.HikariPool        : HikariPool-1 - Added connection com.mysql.cj.jdbc.ConnectionImpl@57afe44b
2026-07-13T09:37:42.533+05:30  INFO 27708 --- [journeyplus-backend] [main] com.zaxxer.hikari.HikariDataSource       : HikariPool-1 - Start completed.
2026-07-13T09:37:42.635+05:30  WARN 27708 --- [journeyplus-backend] [main] org.hibernate.orm.deprecation            : HHH90000025: MySQLDialect does not need to be specified explicitly using 'hibernate.dialect' (remove the property setting and it will be selected by default)
2026-07-13T09:37:44.399+05:30  INFO 27708 --- [journeyplus-backend] [main] o.h.e.t.j.p.i.JtaPlatformInitiator       : HHH000489: No JTA platform available (set 'hibernate.transaction.jta.platform' to enable JTA platform integration)
2026-07-13T09:37:44.997+05:30  INFO 27708 --- [journeyplus-backend] [main] j.LocalContainerEntityManagerFactoryBean : Initialized JPA EntityManagerFactory for persistence unit 'default'
2026-07-13T09:37:46.241+05:30  INFO 27708 --- [journeyplus-backend] [main] o.s.d.j.r.query.QueryEnhancerFactory     : Hibernate is in classpath; If applicable, HQL parser will be used.
2026-07-13T09:37:53.207+05:30  INFO 27708 --- [journeyplus-backend] [main] o.s.b.a.e.web.EndpointLinksResolver      : Exposing 3 endpoint(s) beneath base path '/actuator'
2026-07-13T09:37:53.673+05:30  INFO 27708 --- [journeyplus-backend] [main] o.s.s.web.DefaultSecurityFilterChain     : Will secure any request with [org.springframework.security.web.session.DisableEncodeUrlFilter@16914a63, org.springframework.security.web.context.request.async.WebAsyncManagerIntegrationFilter@f67053, org.springframework.security.web.context.SecurityContextHolderFilter@1d81dece, org.springframework.security.web.header.HeaderWriterFilter@17b65876, org.springframework.web.filter.CorsFilter@69160a0c, org.springframework.security.web.authentication.logout.LogoutFilter@7e3f4f0, com.journeyplus.config.JwtAuthenticationFilter@50572c04, org.springframework.security.web.savedrequest.RequestCacheAwareFilter@7a065f73, org.springframework.security.web.servletapi.SecurityContextHolderAwareRequestFilter@400b61cc, org.springframework.security.web.authentication.AnonymousAuthenticationFilter@1884db6f, org.springframework.security.web.session.SessionManagementFilter@10095d95, org.springframework.security.web.access.ExceptionTranslationFilter@5b933786, org.springframework.security.web.access.intercept.AuthorizationFilter@1db30771]
2026-07-13T09:37:53.734+05:30  INFO 27708 --- [journeyplus-backend] [main] o.s.s.web.DefaultSecurityFilterChain     : Will secure Or [Mvc [pattern='/swagger-ui/**'], Mvc [pattern='/v3/api-docs/**'], Mvc [pattern='/swagger-ui.html'], Mvc [pattern='/swagger-ui/index.html'], Mvc [pattern='/webjars/**'], Mvc [pattern='/swagger-resources/**']] with [org.springframework.security.web.session.DisableEncodeUrlFilter@3a1c65ac, org.springframework.security.web.context.request.async.WebAsyncManagerIntegrationFilter@5ff24b0f, org.springframework.security.web.context.SecurityContextHolderFilter@4733c7f0, org.springframework.security.web.header.HeaderWriterFilter@35595f1, org.springframework.web.filter.CorsFilter@a9f4621, org.springframework.security.web.authentication.logout.LogoutFilter@2c992252, org.springframework.security.web.savedrequest.RequestCacheAwareFilter@fd10007, org.springframework.security.web.servletapi.SecurityContextHolderAwareRequestFilter@2004e611, org.springframework.security.web.authentication.AnonymousAuthenticationFilter@42a4e5cb, org.springframework.security.web.session.SessionManagementFilter@81ba0c5, org.springframework.security.web.access.ExceptionTranslationFilter@6685d5e4, org.springframework.security.web.access.intercept.AuthorizationFilter@2cfc81f8]
2026-07-13T09:37:57.753+05:30  INFO 27708 --- [journeyplus-backend] [main] o.s.b.w.embedded.tomcat.TomcatWebServer  : Tomcat started on port 8091 (http) with context path ''
2026-07-13T09:37:57.810+05:30  INFO 27708 --- [journeyplus-backend] [main] com.journeyplus.JourneyPlusApplication   : Started JourneyPlusApplication in 24.737 seconds (process running for 26.019)
2026-07-13T09:38:01.646+05:30  INFO 27708 --- [journeyplus-backend] [http-nio-8091-exec-1] o.a.c.c.C.[Tomcat].[localhost].[/]       : Initializing Spring DispatcherServlet 'dispatcherServlet'
2026-07-13T09:38:01.646+05:30  INFO 27708 --- [journeyplus-backend] [http-nio-8091-exec-1] o.s.web.servlet.DispatcherServlet        : Initializing Servlet 'dispatcherServlet'
2026-07-13T09:38:01.662+05:30  INFO 27708 --- [journeyplus-backend] [http-nio-8091-exec-1] o.s.web.servlet.DispatcherServlet        : Completed initialization in 1 ms
2026-07-13T09:40:08.503+05:30  INFO 27708 --- [journeyplus-backend] [http-nio-8091-exec-7] c.journeyplus.iam.service.AuthService    : Attempting to register user with username: Admin1, role: ADMIN
2026-07-13T09:40:08.511+05:30  WARN 27708 --- [journeyplus-backend] [http-nio-8091-exec-7] c.journeyplus.iam.service.AuthService    : Registration failed: ADMIN role is not allowed for public registration, username: Admin1
2026-07-13T09:40:17.719+05:30  INFO 27708 --- [journeyplus-backend] [http-nio-8091-exec-10] c.journeyplus.iam.service.AuthService    : Attempting to register user with username: Admin1, role: EMPLOYEE
2026-07-13T09:40:17.721+05:30  WARN 27708 --- [journeyplus-backend] [http-nio-8091-exec-10] c.journeyplus.iam.service.AuthService    : Registration failed: Username 'Admin1' already exists
2026-07-13T09:40:25.544+05:30  INFO 27708 --- [journeyplus-backend] [http-nio-8091-exec-4] c.journeyplus.iam.service.AuthService    : Attempting to register user with username: venkyy, role: EMPLOYEE
2026-07-13T09:40:25.553+05:30  WARN 27708 --- [journeyplus-backend] [http-nio-8091-exec-4] c.journeyplus.iam.service.AuthService    : Registration failed: Username 'venkyy' already exists
2026-07-13T11:34:24.138+05:30  INFO 27708 --- [journeyplus-backend] [SpringApplicationShutdownHook] j.LocalContainerEntityManagerFactoryBean : Closing JPA EntityManagerFactory for persistence unit 'default'
2026-07-13T11:34:24.205+05:30  INFO 27708 --- [journeyplus-backend] [SpringApplicationShutdownHook] com.zaxxer.hikari.HikariDataSource       : HikariPool-1 - Shutdown initiated...
2026-07-13T11:34:24.218+05:30  INFO 27708 --- [journeyplus-backend] [SpringApplicationShutdownHook] com.zaxxer.hikari.HikariDataSource       : HikariPool-1 - Shutdown completed.
2026-07-13T11:34:30.754+05:30  INFO 13888 --- [journeyplus-backend] [main] com.journeyplus.JourneyPlusApplication   : Starting JourneyPlusApplication using Java 21 with PID 13888 (C:\Users\2503743\Downloads\Final journeyplus with react\Testing_4_Modules\target\classes started by 2503743 in C:\Users\2503743\Downloads\Final journeyplus with react\Testing_4_Modules)
2026-07-13T11:34:30.755+05:30  INFO 13888 --- [journeyplus-backend] [main] com.journeyplus.JourneyPlusApplication   : No active profile set, falling back to 1 default profile: "default"
2026-07-13T11:34:32.579+05:30  INFO 13888 --- [journeyplus-backend] [main] .s.d.r.c.RepositoryConfigurationDelegate : Bootstrapping Spring Data JPA repositories in DEFAULT mode.
2026-07-13T11:34:32.834+05:30  INFO 13888 --- [journeyplus-backend] [main] .s.d.r.c.RepositoryConfigurationDelegate : Finished Spring Data repository scanning in 242 ms. Found 18 JPA repository interfaces.
2026-07-13T11:34:34.402+05:30  INFO 13888 --- [journeyplus-backend] [main] o.s.b.w.embedded.tomcat.TomcatWebServer  : Tomcat initialized with port 8091 (http)
2026-07-13T11:34:34.440+05:30  INFO 13888 --- [journeyplus-backend] [main] o.apache.catalina.core.StandardService   : Starting service [Tomcat]
2026-07-13T11:34:34.440+05:30  INFO 13888 --- [journeyplus-backend] [main] o.apache.catalina.core.StandardEngine    : Starting Servlet engine: [Apache Tomcat/10.1.20]
2026-07-13T11:34:34.561+05:30  INFO 13888 --- [journeyplus-backend] [main] o.a.c.c.C.[Tomcat].[localhost].[/]       : Initializing Spring embedded WebApplicationContext
2026-07-13T11:34:34.561+05:30  INFO 13888 --- [journeyplus-backend] [main] w.s.c.ServletWebServerApplicationContext : Root WebApplicationContext: initialization completed in 3704 ms
2026-07-13T11:34:34.889+05:30  INFO 13888 --- [journeyplus-backend] [main] o.hibernate.jpa.internal.util.LogHelper  : HHH000204: Processing PersistenceUnitInfo [name: default]
2026-07-13T11:34:35.033+05:30  INFO 13888 --- [journeyplus-backend] [main] org.hibernate.Version                    : HHH000412: Hibernate ORM core version 6.4.4.Final
2026-07-13T11:34:35.105+05:30  INFO 13888 --- [journeyplus-backend] [main] o.h.c.internal.RegionFactoryInitiator    : HHH000026: Second-level cache disabled
2026-07-13T11:34:35.542+05:30  INFO 13888 --- [journeyplus-backend] [main] o.s.o.j.p.SpringPersistenceUnitInfo      : No LoadTimeWeaver setup: ignoring JPA class transformer
2026-07-13T11:34:35.574+05:30  INFO 13888 --- [journeyplus-backend] [main] com.zaxxer.hikari.HikariDataSource       : HikariPool-1 - Starting...
2026-07-13T11:34:35.738+05:30  INFO 13888 --- [journeyplus-backend] [main] com.zaxxer.hikari.pool.HikariPool        : HikariPool-1 - Added connection com.mysql.cj.jdbc.ConnectionImpl@7252bdb
2026-07-13T11:34:35.742+05:30  INFO 13888 --- [journeyplus-backend] [main] com.zaxxer.hikari.HikariDataSource       : HikariPool-1 - Start completed.
2026-07-13T11:34:35.835+05:30  WARN 13888 --- [journeyplus-backend] [main] org.hibernate.orm.deprecation            : HHH90000025: MySQLDialect does not need to be specified explicitly using 'hibernate.dialect' (remove the property setting and it will be selected by default)
2026-07-13T11:34:39.031+05:30  INFO 13888 --- [journeyplus-backend] [main] o.h.e.t.j.p.i.JtaPlatformInitiator       : HHH000489: No JTA platform available (set 'hibernate.transaction.jta.platform' to enable JTA platform integration)
2026-07-13T11:34:39.868+05:30  INFO 13888 --- [journeyplus-backend] [main] j.LocalContainerEntityManagerFactoryBean : Initialized JPA EntityManagerFactory for persistence unit 'default'
2026-07-13T11:34:44.276+05:30  INFO 13888 --- [journeyplus-backend] [main] o.s.d.j.r.query.QueryEnhancerFactory     : Hibernate is in classpath; If applicable, HQL parser will be used.
2026-07-13T11:34:52.625+05:30  INFO 13888 --- [journeyplus-backend] [main] o.s.b.a.e.web.EndpointLinksResolver      : Exposing 3 endpoint(s) beneath base path '/actuator'
2026-07-13T11:34:52.959+05:30  INFO 13888 --- [journeyplus-backend] [main] o.s.s.web.DefaultSecurityFilterChain     : Will secure any request with [org.springframework.security.web.session.DisableEncodeUrlFilter@76fc11ab, org.springframework.security.web.context.request.async.WebAsyncManagerIntegrationFilter@4a9463b2, org.springframework.security.web.context.SecurityContextHolderFilter@4b01dd26, org.springframework.security.web.header.HeaderWriterFilter@25478603, org.springframework.web.filter.CorsFilter@131c4ffe, org.springframework.security.web.authentication.logout.LogoutFilter@664c47f2, com.journeyplus.config.JwtAuthenticationFilter@1b87f7cd, org.springframework.security.web.savedrequest.RequestCacheAwareFilter@3f2b55f8, org.springframework.security.web.servletapi.SecurityContextHolderAwareRequestFilter@8be5379, org.springframework.security.web.authentication.AnonymousAuthenticationFilter@16914a63, org.springframework.security.web.session.SessionManagementFilter@3e909075, org.springframework.security.web.access.ExceptionTranslationFilter@48158b86, org.springframework.security.web.access.intercept.AuthorizationFilter@196e494d]
2026-07-13T11:34:52.996+05:30  INFO 13888 --- [journeyplus-backend] [main] o.s.s.web.DefaultSecurityFilterChain     : Will secure Or [Mvc [pattern='/swagger-ui/**'], Mvc [pattern='/v3/api-docs/**'], Mvc [pattern='/swagger-ui.html'], Mvc [pattern='/swagger-ui/index.html'], Mvc [pattern='/webjars/**'], Mvc [pattern='/swagger-resources/**']] with [org.springframework.security.web.session.DisableEncodeUrlFilter@2c992252, org.springframework.security.web.context.request.async.WebAsyncManagerIntegrationFilter@2bcfdefe, org.springframework.security.web.context.SecurityContextHolderFilter@6685d5e4, org.springframework.security.web.header.HeaderWriterFilter@b4010be, org.springframework.security.web.authentication.logout.LogoutFilter@fd10007, org.springframework.security.web.savedrequest.RequestCacheAwareFilter@35595f1, org.springframework.security.web.servletapi.SecurityContextHolderAwareRequestFilter@81ba0c5, org.springframework.security.web.authentication.AnonymousAuthenticationFilter@2cfc81f8, org.springframework.security.web.session.SessionManagementFilter@1e2a39b7, org.springframework.security.web.access.ExceptionTranslationFilter@1fc892c, org.springframework.security.web.access.intercept.AuthorizationFilter@75cc775c]
2026-07-13T11:34:55.469+05:30  INFO 13888 --- [journeyplus-backend] [main] o.s.b.w.embedded.tomcat.TomcatWebServer  : Tomcat started on port 8091 (http) with context path ''
2026-07-13T11:34:55.516+05:30  INFO 13888 --- [journeyplus-backend] [main] com.journeyplus.JourneyPlusApplication   : Started JourneyPlusApplication in 25.516 seconds (process running for 26.148)
